#
# There is insufficient memory for the Java Runtime Environment to continue.
# Native memory allocation (malloc) failed to allocate 1235856 bytes for Chunk::new
# Possible reasons:
#   The system is out of physical RAM or swap space
#   The process is running with CompressedOops enabled, and the Java Heap may be blocking the growth of the native heap
# Possible solutions:
#   Reduce memory load on the system
#   Increase physical memory or swap space
#   Check if swap backing store is full
#   Decrease Java heap size (-Xmx/-Xms)
#   Decrease number of Java threads
#   Decrease Java thread stack sizes (-Xss)
#   Set larger code cache with -XX:ReservedCodeCacheSize=
#   JVM is running with Zero Based Compressed Oops mode in which the Java heap is
#     placed in the first 32GB address space. The Java Heap base address is the
#     maximum limit for the native heap growth. Please use -XX:HeapBaseMinAddress
#     to set the Java Heap base and to place the Java Heap above 32GB virtual address.
# This output file may be truncated or incomplete.
#
#  Out of Memory Error (arena.cpp:189), pid=47436, tid=40332
#
# JRE version: Java(TM) SE Runtime Environment (17.0.12+8) (build 17.0.12+8-LTS-286)
# Java VM: Java HotSpot(TM) 64-Bit Server VM (17.0.12+8-LTS-286, mixed mode, sharing, tiered, compressed oops, compressed class ptrs, g1 gc, windows-amd64)
# No core dump will be written. Minidumps are not enabled by default on client versions of Windows
#

---------------  S U M M A R Y ------------

Command Line: -javaagent:C:\Users\zjz\AppData\Local\JetBrains\IntelliJIdea2025.1\captureAgent\debugger-agent.jar=file:///C:/Users/zjz/AppData/Local/Temp/capture5797944343890343065.props -ea -Didea.test.cyclic.buffer.size=1048576 -javaagent:D:\IntelliJ IDEA 2025.1\lib\idea_rt.jar=12331 -Dkotlinx.coroutines.debug.enable.creation.stack.trace=false -Ddebugger.agent.enable.coroutines=true -Dkotlinx.coroutines.debug.enable.flows.stack.trace=true -Dkotlinx.coroutines.debug.enable.mutable.state.flows.stack.trace=true -Dfile.encoding=UTF-8 com.intellij.rt.junit.JUnitStarter -ideVersion5 -junit5 com.guangyin.userservice.mapper.UserMapperTest,testInsertUserSuccess

Host: 12th Gen Intel(R) Core(TM) i5-12500H, 16 cores, 15G,  Windows 11 , 64 bit Build 26100 (10.0.26100.4441)
Time: Sat Jun 21 17:31:14 2025  Windows 11 , 64 bit Build 26100 (10.0.26100.4441) elapsed time: 9.558461 seconds (0d 0h 0m 9s)

---------------  T H R E A D  ---------------

Current thread (0x0000014a735ab970):  JavaThread "C2 CompilerThread2" daemon [_thread_in_native, id=40332, stack(0x0000000eb1f00000,0x0000000eb2000000)]


Current CompileTask:
C2:   9558 2150  s!   4       jdk.internal.loader.URLClassPath::getLoader (194 bytes)

Stack: [0x0000000eb1f00000,0x0000000eb2000000]
Native frames: (J=compiled Java code, j=interpreted, Vv=VM code, C=native code)
V  [jvm.dll+0x67a04a]
V  [jvm.dll+0x7da4ed]
V  [jvm.dll+0x7dbe33]
V  [jvm.dll+0x7dc4a3]
V  [jvm.dll+0x24508f]
V  [jvm.dll+0xab773]
V  [jvm.dll+0xabd3c]
V  [jvm.dll+0x361b9f]
V  [jvm.dll+0x32c431]
V  [jvm.dll+0x32b8ca]
V  [jvm.dll+0x21683f]
V  [jvm.dll+0x215c6f]
V  [jvm.dll+0x1a2960]
V  [jvm.dll+0x22610b]
V  [jvm.dll+0x2242ab]
V  [jvm.dll+0x79075c]
V  [jvm.dll+0x78abea]
V  [jvm.dll+0x678f35]
C  [ucrtbase.dll+0x37b0]
C  [KERNEL32.DLL+0x2e8d7]
C  [ntdll.dll+0x3c34c]


---------------  P R O C E S S  ---------------

Threads class SMR info:
_java_thread_list=0x0000014a79faa020, length=23, elements={
0x0000014a4db50830, 0x0000014a72ca8d00, 0x0000014a72ca97d0, 0x0000014a730854e0,
0x0000014a73087ec0, 0x0000014a73088790, 0x0000014a73089060, 0x0000014a7308b070,
0x0000014a7308ba30, 0x0000014a7308c340, 0x0000014a72cce010, 0x0000014a7331af80,
0x0000014a733c26d0, 0x0000014a7356e520, 0x0000014a735ab970, 0x0000014a73b8b070,
0x0000014a7389e3a0, 0x0000014a735288e0, 0x0000014a73940c10, 0x0000014a79b83f30,
0x0000014a79b825e0, 0x0000014a79b84950, 0x0000014a79b84e60
}

Java Threads: ( => current thread )
  0x0000014a4db50830 JavaThread "main" [_thread_in_Java, id=38820, stack(0x0000000eb0b00000,0x0000000eb0c00000)]
  0x0000014a72ca8d00 JavaThread "Reference Handler" daemon [_thread_blocked, id=12128, stack(0x0000000eb1200000,0x0000000eb1300000)]
  0x0000014a72ca97d0 JavaThread "Finalizer" daemon [_thread_blocked, id=16236, stack(0x0000000eb1300000,0x0000000eb1400000)]
  0x0000014a730854e0 JavaThread "Signal Dispatcher" daemon [_thread_blocked, id=2452, stack(0x0000000eb1400000,0x0000000eb1500000)]
  0x0000014a73087ec0 JavaThread "Attach Listener" daemon [_thread_blocked, id=40944, stack(0x0000000eb1500000,0x0000000eb1600000)]
  0x0000014a73088790 JavaThread "Service Thread" daemon [_thread_blocked, id=31252, stack(0x0000000eb1600000,0x0000000eb1700000)]
  0x0000014a73089060 JavaThread "Monitor Deflation Thread" daemon [_thread_blocked, id=47796, stack(0x0000000eb1700000,0x0000000eb1800000)]
  0x0000014a7308b070 JavaThread "C2 CompilerThread0" daemon [_thread_in_native, id=22788, stack(0x0000000eb1800000,0x0000000eb1900000)]
  0x0000014a7308ba30 JavaThread "C1 CompilerThread0" daemon [_thread_blocked, id=46984, stack(0x0000000eb1900000,0x0000000eb1a00000)]
  0x0000014a7308c340 JavaThread "Sweeper thread" daemon [_thread_blocked, id=47064, stack(0x0000000eb1a00000,0x0000000eb1b00000)]
  0x0000014a72cce010 JavaThread "C1 CompilerThread1" daemon [_thread_blocked, id=21392, stack(0x0000000eb1b00000,0x0000000eb1c00000)]
  0x0000014a7331af80 JavaThread "Common-Cleaner" daemon [_thread_blocked, id=27844, stack(0x0000000eb1c00000,0x0000000eb1d00000)]
  0x0000014a733c26d0 JavaThread "IntelliJ Suspend Helper" daemon [_thread_blocked, id=23668, stack(0x0000000eb1e00000,0x0000000eb1f00000)]
  0x0000014a7356e520 JavaThread "C2 CompilerThread1" daemon [_thread_in_native, id=42520, stack(0x0000000eb1d00000,0x0000000eb1e00000)]
=>0x0000014a735ab970 JavaThread "C2 CompilerThread2" daemon [_thread_in_native, id=40332, stack(0x0000000eb1f00000,0x0000000eb2000000)]
  0x0000014a73b8b070 JavaThread "Monitor Ctrl-Break" daemon [_thread_in_native, id=43168, stack(0x0000000eb2000000,0x0000000eb2100000)]
  0x0000014a7389e3a0 JavaThread "Notification Thread" daemon [_thread_blocked, id=47892, stack(0x0000000eb2100000,0x0000000eb2200000)]
  0x0000014a735288e0 JavaThread "C1 CompilerThread2" daemon [_thread_blocked, id=46476, stack(0x0000000eb2300000,0x0000000eb2400000)]
  0x0000014a73940c10 JavaThread "C1 CompilerThread3" daemon [_thread_blocked, id=44364, stack(0x0000000eb2400000,0x0000000eb2500000)]
  0x0000014a79b83f30 JavaThread "RMI TCP Accept-0" daemon [_thread_in_native, id=28080, stack(0x0000000eb2e00000,0x0000000eb2f00000)]
  0x0000014a79b825e0 JavaThread "RMI TCP Connection(1)-10.157.37.157" daemon [_thread_in_native, id=25348, stack(0x0000000eb2f00000,0x0000000eb3000000)]
  0x0000014a79b84950 JavaThread "RMI Scheduler(0)" daemon [_thread_blocked, id=17964, stack(0x0000000eb3000000,0x0000000eb3100000)]
  0x0000014a79b84e60 JavaThread "JMX server connection timeout 29" daemon [_thread_blocked, id=26956, stack(0x0000000eb3100000,0x0000000eb3200000)]

Other Threads:
  0x0000014a72ca5010 VMThread "VM Thread" [stack: 0x0000000eb1100000,0x0000000eb1200000] [id=30364]
  0x0000014a7368af20 WatcherThread [stack: 0x0000000eb2200000,0x0000000eb2300000] [id=44112]
  0x0000014a4dbc2110 GCTaskThread "GC Thread#0" [stack: 0x0000000eb0c00000,0x0000000eb0d00000] [id=14796]
  0x0000014a7849bee0 GCTaskThread "GC Thread#1" [stack: 0x0000000eb2500000,0x0000000eb2600000] [id=26852]
  0x0000014a78324250 GCTaskThread "GC Thread#2" [stack: 0x0000000eb2600000,0x0000000eb2700000] [id=37464]
  0x0000014a7857c1a0 GCTaskThread "GC Thread#3" [stack: 0x0000000eb2700000,0x0000000eb2800000] [id=13776]
  0x0000014a7842a680 GCTaskThread "GC Thread#4" [stack: 0x0000000eb2800000,0x0000000eb2900000] [id=42560]
  0x0000014a7806d0f0 GCTaskThread "GC Thread#5" [stack: 0x0000000eb2900000,0x0000000eb2a00000] [id=34948]
  0x0000014a794c9940 GCTaskThread "GC Thread#6" [stack: 0x0000000eb2b00000,0x0000000eb2c00000] [id=43496]
  0x0000014a795335e0 GCTaskThread "GC Thread#7" [stack: 0x0000000eb2c00000,0x0000000eb2d00000] [id=42264]
  0x0000014a79c58930 GCTaskThread "GC Thread#8" [stack: 0x0000000eb2d00000,0x0000000eb2e00000] [id=16804]
  0x0000014a79fc10f0 GCTaskThread "GC Thread#9" [stack: 0x0000000eb2a00000,0x0000000eb2b00000] [id=9504]
  0x0000014a79fc13b0 GCTaskThread "GC Thread#10" [stack: 0x0000000eb3200000,0x0000000eb3300000] [id=32016]
  0x0000014a79fc1bf0 GCTaskThread "GC Thread#11" [stack: 0x0000000eb3300000,0x0000000eb3400000] [id=38532]
  0x0000014a79fbeff0 GCTaskThread "GC Thread#12" [stack: 0x0000000eb3400000,0x0000000eb3500000] [id=26628]
  0x0000014a4dbd3340 ConcurrentGCThread "G1 Main Marker" [stack: 0x0000000eb0d00000,0x0000000eb0e00000] [id=37532]
  0x0000014a4dbd4930 ConcurrentGCThread "G1 Conc#0" [stack: 0x0000000eb0e00000,0x0000000eb0f00000] [id=16512]
  0x0000014a72b967e0 ConcurrentGCThread "G1 Refine#0" [stack: 0x0000000eb0f00000,0x0000000eb1000000] [id=48060]
  0x0000014a72b97fd0 ConcurrentGCThread "G1 Service" [stack: 0x0000000eb1000000,0x0000000eb1100000] [id=41632]

Threads with active compile tasks:
C2 CompilerThread0    11607 2248   !   4       java.util.zip.ZipFile$Source::getEntryPos (181 bytes)
C2 CompilerThread1    11607 2201       4       jdk.internal.loader.URLClassPath::getResource (74 bytes)
C2 CompilerThread2    11607 2150  s!   4       jdk.internal.loader.URLClassPath::getLoader (194 bytes)

VM state: not at safepoint (normal execution)

VM Mutex/Monitor currently owned by a thread: None

Heap address: 0x0000000704400000, size: 4028 MB, Compressed Oops mode: Zero based, Oop shift amount: 3

CDS archive(s) mapped at: [0x0000014a00000000-0x0000014a00bd0000-0x0000014a00bd0000), size 12386304, SharedBaseAddress: 0x0000014a00000000, ArchiveRelocationMode: 1.
Compressed class space mapped at: 0x0000014a01000000-0x0000014a41000000, reserved size: 1073741824
Narrow klass base: 0x0000014a00000000, Narrow klass shift: 0, Narrow klass range: 0x100000000

GC Precious Log:
 CPUs: 16 total, 16 available
 Memory: 16108M
 Large Page Support: Disabled
 NUMA Support: Disabled
 Compressed Oops: Enabled (Zero based)
 Heap Region Size: 2M
 Heap Min Capacity: 8M
 Heap Initial Capacity: 252M
 Heap Max Capacity: 4028M
 Pre-touch: Disabled
 Parallel Workers: 13
 Concurrent Workers: 3
 Concurrent Refinement Workers: 13
 Periodic GC: Disabled

Heap:
 garbage-first heap   total 258048K, used 21370K [0x0000000704400000, 0x0000000800000000)
  region size 2048K, 4 young (8192K), 2 survivors (4096K)
 Metaspace       used 16784K, committed 17088K, reserved 1114112K
  class space    used 1894K, committed 2048K, reserved 1048576K

Heap Regions: E=young(eden), S=young(survivor), O=old, HS=humongous(starts), HC=humongous(continues), CS=collection set, F=free, OA=open archive, CA=closed archive, TAMS=top-at-mark-start (previous, next)
|   0|0x0000000704400000, 0x0000000704600000, 0x0000000704600000|100%| O|  |TAMS 0x0000000704400000, 0x0000000704400000| Untracked 
|   1|0x0000000704600000, 0x0000000704800000, 0x0000000704800000|100%| O|  |TAMS 0x0000000704600000, 0x0000000704600000| Untracked 
|   2|0x0000000704800000, 0x0000000704a00000, 0x0000000704a00000|100%| O|  |TAMS 0x0000000704800000, 0x0000000704800000| Untracked 
|   3|0x0000000704a00000, 0x0000000704c00000, 0x0000000704c00000|100%| O|  |TAMS 0x0000000704a00000, 0x0000000704a00000| Untracked 
|   4|0x0000000704c00000, 0x0000000704e00000, 0x0000000704e00000|100%| O|  |TAMS 0x0000000704c00000, 0x0000000704c00000| Untracked 
|   5|0x0000000704e00000, 0x0000000705000000, 0x0000000705000000|100%| O|  |TAMS 0x0000000704e00000, 0x0000000704e00000| Untracked 
|   6|0x0000000705000000, 0x0000000705200000, 0x0000000705200000|100%| O|  |TAMS 0x0000000705000000, 0x0000000705000000| Untracked 
|   7|0x0000000705200000, 0x0000000705400000, 0x0000000705400000|100%| O|  |TAMS 0x0000000705200000, 0x0000000705200000| Untracked 
|   8|0x0000000705400000, 0x0000000705471400, 0x0000000705600000| 22%| O|  |TAMS 0x0000000705400000, 0x0000000705400000| Untracked 
|   9|0x0000000705600000, 0x0000000705600000, 0x0000000705800000|  0%| F|  |TAMS 0x0000000705600000, 0x0000000705600000| Untracked 
|  10|0x0000000705800000, 0x0000000705800000, 0x0000000705a00000|  0%| F|  |TAMS 0x0000000705800000, 0x0000000705800000| Untracked 
|  11|0x0000000705a00000, 0x0000000705a00000, 0x0000000705c00000|  0%| F|  |TAMS 0x0000000705a00000, 0x0000000705a00000| Untracked 
|  12|0x0000000705c00000, 0x0000000705c00000, 0x0000000705e00000|  0%| F|  |TAMS 0x0000000705c00000, 0x0000000705c00000| Untracked 
|  13|0x0000000705e00000, 0x0000000705e00000, 0x0000000706000000|  0%| F|  |TAMS 0x0000000705e00000, 0x0000000705e00000| Untracked 
|  14|0x0000000706000000, 0x0000000706000000, 0x0000000706200000|  0%| F|  |TAMS 0x0000000706000000, 0x0000000706000000| Untracked 
|  15|0x0000000706200000, 0x0000000706200000, 0x0000000706400000|  0%| F|  |TAMS 0x0000000706200000, 0x0000000706200000| Untracked 
|  16|0x0000000706400000, 0x0000000706400000, 0x0000000706600000|  0%| F|  |TAMS 0x0000000706400000, 0x0000000706400000| Untracked 
|  17|0x0000000706600000, 0x0000000706600000, 0x0000000706800000|  0%| F|  |TAMS 0x0000000706600000, 0x0000000706600000| Untracked 
|  18|0x0000000706800000, 0x0000000706800000, 0x0000000706a00000|  0%| F|  |TAMS 0x0000000706800000, 0x0000000706800000| Untracked 
|  19|0x0000000706a00000, 0x0000000706a00000, 0x0000000706c00000|  0%| F|  |TAMS 0x0000000706a00000, 0x0000000706a00000| Untracked 
|  20|0x0000000706c00000, 0x0000000706c00000, 0x0000000706e00000|  0%| F|  |TAMS 0x0000000706c00000, 0x0000000706c00000| Untracked 
|  21|0x0000000706e00000, 0x0000000706e00000, 0x0000000707000000|  0%| F|  |TAMS 0x0000000706e00000, 0x0000000706e00000| Untracked 
|  22|0x0000000707000000, 0x0000000707000000, 0x0000000707200000|  0%| F|  |TAMS 0x0000000707000000, 0x0000000707000000| Untracked 
|  23|0x0000000707200000, 0x0000000707200000, 0x0000000707400000|  0%| F|  |TAMS 0x0000000707200000, 0x0000000707200000| Untracked 
|  24|0x0000000707400000, 0x0000000707400000, 0x0000000707600000|  0%| F|  |TAMS 0x0000000707400000, 0x0000000707400000| Untracked 
|  25|0x0000000707600000, 0x0000000707600000, 0x0000000707800000|  0%| F|  |TAMS 0x0000000707600000, 0x0000000707600000| Untracked 
|  26|0x0000000707800000, 0x0000000707800000, 0x0000000707a00000|  0%| F|  |TAMS 0x0000000707800000, 0x0000000707800000| Untracked 
|  27|0x0000000707a00000, 0x0000000707a00000, 0x0000000707c00000|  0%| F|  |TAMS 0x0000000707a00000, 0x0000000707a00000| Untracked 
|  28|0x0000000707c00000, 0x0000000707c00000, 0x0000000707e00000|  0%| F|  |TAMS 0x0000000707c00000, 0x0000000707c00000| Untracked 
|  29|0x0000000707e00000, 0x0000000707e00000, 0x0000000708000000|  0%| F|  |TAMS 0x0000000707e00000, 0x0000000707e00000| Untracked 
|  30|0x0000000708000000, 0x0000000708000000, 0x0000000708200000|  0%| F|  |TAMS 0x0000000708000000, 0x0000000708000000| Untracked 
|  31|0x0000000708200000, 0x0000000708200000, 0x0000000708400000|  0%| F|  |TAMS 0x0000000708200000, 0x0000000708200000| Untracked 
|  32|0x0000000708400000, 0x0000000708400000, 0x0000000708600000|  0%| F|  |TAMS 0x0000000708400000, 0x0000000708400000| Untracked 
|  33|0x0000000708600000, 0x0000000708600000, 0x0000000708800000|  0%| F|  |TAMS 0x0000000708600000, 0x0000000708600000| Untracked 
|  34|0x0000000708800000, 0x0000000708800000, 0x0000000708a00000|  0%| F|  |TAMS 0x0000000708800000, 0x0000000708800000| Untracked 
|  35|0x0000000708a00000, 0x0000000708a00000, 0x0000000708c00000|  0%| F|  |TAMS 0x0000000708a00000, 0x0000000708a00000| Untracked 
|  36|0x0000000708c00000, 0x0000000708c00000, 0x0000000708e00000|  0%| F|  |TAMS 0x0000000708c00000, 0x0000000708c00000| Untracked 
|  37|0x0000000708e00000, 0x0000000708e00000, 0x0000000709000000|  0%| F|  |TAMS 0x0000000708e00000, 0x0000000708e00000| Untracked 
|  38|0x0000000709000000, 0x0000000709000000, 0x0000000709200000|  0%| F|  |TAMS 0x0000000709000000, 0x0000000709000000| Untracked 
|  39|0x0000000709200000, 0x0000000709200000, 0x0000000709400000|  0%| F|  |TAMS 0x0000000709200000, 0x0000000709200000| Untracked 
|  40|0x0000000709400000, 0x0000000709400000, 0x0000000709600000|  0%| F|  |TAMS 0x0000000709400000, 0x0000000709400000| Untracked 
|  41|0x0000000709600000, 0x0000000709600000, 0x0000000709800000|  0%| F|  |TAMS 0x0000000709600000, 0x0000000709600000| Untracked 
|  42|0x0000000709800000, 0x0000000709800000, 0x0000000709a00000|  0%| F|  |TAMS 0x0000000709800000, 0x0000000709800000| Untracked 
|  43|0x0000000709a00000, 0x0000000709a00000, 0x0000000709c00000|  0%| F|  |TAMS 0x0000000709a00000, 0x0000000709a00000| Untracked 
|  44|0x0000000709c00000, 0x0000000709c00000, 0x0000000709e00000|  0%| F|  |TAMS 0x0000000709c00000, 0x0000000709c00000| Untracked 
|  45|0x0000000709e00000, 0x0000000709e00000, 0x000000070a000000|  0%| F|  |TAMS 0x0000000709e00000, 0x0000000709e00000| Untracked 
|  46|0x000000070a000000, 0x000000070a000000, 0x000000070a200000|  0%| F|  |TAMS 0x000000070a000000, 0x000000070a000000| Untracked 
|  47|0x000000070a200000, 0x000000070a200000, 0x000000070a400000|  0%| F|  |TAMS 0x000000070a200000, 0x000000070a200000| Untracked 
|  48|0x000000070a400000, 0x000000070a400000, 0x000000070a600000|  0%| F|  |TAMS 0x000000070a400000, 0x000000070a400000| Untracked 
|  49|0x000000070a600000, 0x000000070a600000, 0x000000070a800000|  0%| F|  |TAMS 0x000000070a600000, 0x000000070a600000| Untracked 
|  50|0x000000070a800000, 0x000000070a800000, 0x000000070aa00000|  0%| F|  |TAMS 0x000000070a800000, 0x000000070a800000| Untracked 
|  51|0x000000070aa00000, 0x000000070aa00000, 0x000000070ac00000|  0%| F|  |TAMS 0x000000070aa00000, 0x000000070aa00000| Untracked 
|  52|0x000000070ac00000, 0x000000070ac00000, 0x000000070ae00000|  0%| F|  |TAMS 0x000000070ac00000, 0x000000070ac00000| Untracked 
|  53|0x000000070ae00000, 0x000000070ae00000, 0x000000070b000000|  0%| F|  |TAMS 0x000000070ae00000, 0x000000070ae00000| Untracked 
|  54|0x000000070b000000, 0x000000070b000000, 0x000000070b200000|  0%| F|  |TAMS 0x000000070b000000, 0x000000070b000000| Untracked 
|  55|0x000000070b200000, 0x000000070b200000, 0x000000070b400000|  0%| F|  |TAMS 0x000000070b200000, 0x000000070b200000| Untracked 
|  56|0x000000070b400000, 0x000000070b400000, 0x000000070b600000|  0%| F|  |TAMS 0x000000070b400000, 0x000000070b400000| Untracked 
|  57|0x000000070b600000, 0x000000070b600000, 0x000000070b800000|  0%| F|  |TAMS 0x000000070b600000, 0x000000070b600000| Untracked 
|  58|0x000000070b800000, 0x000000070b800000, 0x000000070ba00000|  0%| F|  |TAMS 0x000000070b800000, 0x000000070b800000| Untracked 
|  59|0x000000070ba00000, 0x000000070ba00000, 0x000000070bc00000|  0%| F|  |TAMS 0x000000070ba00000, 0x000000070ba00000| Untracked 
|  60|0x000000070bc00000, 0x000000070bc00000, 0x000000070be00000|  0%| F|  |TAMS 0x000000070bc00000, 0x000000070bc00000| Untracked 
|  61|0x000000070be00000, 0x000000070be00000, 0x000000070c000000|  0%| F|  |TAMS 0x000000070be00000, 0x000000070be00000| Untracked 
|  62|0x000000070c000000, 0x000000070c000000, 0x000000070c200000|  0%| F|  |TAMS 0x000000070c000000, 0x000000070c000000| Untracked 
|  63|0x000000070c200000, 0x000000070c200000, 0x000000070c400000|  0%| F|  |TAMS 0x000000070c200000, 0x000000070c200000| Untracked 
|  64|0x000000070c400000, 0x000000070c400000, 0x000000070c600000|  0%| F|  |TAMS 0x000000070c400000, 0x000000070c400000| Untracked 
|  65|0x000000070c600000, 0x000000070c600000, 0x000000070c800000|  0%| F|  |TAMS 0x000000070c600000, 0x000000070c600000| Untracked 
|  66|0x000000070c800000, 0x000000070c800000, 0x000000070ca00000|  0%| F|  |TAMS 0x000000070c800000, 0x000000070c800000| Untracked 
|  67|0x000000070ca00000, 0x000000070ca00000, 0x000000070cc00000|  0%| F|  |TAMS 0x000000070ca00000, 0x000000070ca00000| Untracked 
|  68|0x000000070cc00000, 0x000000070cc00000, 0x000000070ce00000|  0%| F|  |TAMS 0x000000070cc00000, 0x000000070cc00000| Untracked 
|  69|0x000000070ce00000, 0x000000070ce00000, 0x000000070d000000|  0%| F|  |TAMS 0x000000070ce00000, 0x000000070ce00000| Untracked 
|  70|0x000000070d000000, 0x000000070d000000, 0x000000070d200000|  0%| F|  |TAMS 0x000000070d000000, 0x000000070d000000| Untracked 
|  71|0x000000070d200000, 0x000000070d200000, 0x000000070d400000|  0%| F|  |TAMS 0x000000070d200000, 0x000000070d200000| Untracked 
|  72|0x000000070d400000, 0x000000070d400000, 0x000000070d600000|  0%| F|  |TAMS 0x000000070d400000, 0x000000070d400000| Untracked 
|  73|0x000000070d600000, 0x000000070d600000, 0x000000070d800000|  0%| F|  |TAMS 0x000000070d600000, 0x000000070d600000| Untracked 
|  74|0x000000070d800000, 0x000000070d800000, 0x000000070da00000|  0%| F|  |TAMS 0x000000070d800000, 0x000000070d800000| Untracked 
|  75|0x000000070da00000, 0x000000070da00000, 0x000000070dc00000|  0%| F|  |TAMS 0x000000070da00000, 0x000000070da00000| Untracked 
|  76|0x000000070dc00000, 0x000000070dc00000, 0x000000070de00000|  0%| F|  |TAMS 0x000000070dc00000, 0x000000070dc00000| Untracked 
|  77|0x000000070de00000, 0x000000070de00000, 0x000000070e000000|  0%| F|  |TAMS 0x000000070de00000, 0x000000070de00000| Untracked 
|  78|0x000000070e000000, 0x000000070e000000, 0x000000070e200000|  0%| F|  |TAMS 0x000000070e000000, 0x000000070e000000| Untracked 
|  79|0x000000070e200000, 0x000000070e200000, 0x000000070e400000|  0%| F|  |TAMS 0x000000070e200000, 0x000000070e200000| Untracked 
|  80|0x000000070e400000, 0x000000070e400000, 0x000000070e600000|  0%| F|  |TAMS 0x000000070e400000, 0x000000070e400000| Untracked 
|  81|0x000000070e600000, 0x000000070e600000, 0x000000070e800000|  0%| F|  |TAMS 0x000000070e600000, 0x000000070e600000| Untracked 
|  82|0x000000070e800000, 0x000000070e800000, 0x000000070ea00000|  0%| F|  |TAMS 0x000000070e800000, 0x000000070e800000| Untracked 
|  83|0x000000070ea00000, 0x000000070ea00000, 0x000000070ec00000|  0%| F|  |TAMS 0x000000070ea00000, 0x000000070ea00000| Untracked 
|  84|0x000000070ec00000, 0x000000070ec00000, 0x000000070ee00000|  0%| F|  |TAMS 0x000000070ec00000, 0x000000070ec00000| Untracked 
|  85|0x000000070ee00000, 0x000000070ee00000, 0x000000070f000000|  0%| F|  |TAMS 0x000000070ee00000, 0x000000070ee00000| Untracked 
|  86|0x000000070f000000, 0x000000070f000000, 0x000000070f200000|  0%| F|  |TAMS 0x000000070f000000, 0x000000070f000000| Untracked 
|  87|0x000000070f200000, 0x000000070f200000, 0x000000070f400000|  0%| F|  |TAMS 0x000000070f200000, 0x000000070f200000| Untracked 
|  88|0x000000070f400000, 0x000000070f400000, 0x000000070f600000|  0%| F|  |TAMS 0x000000070f400000, 0x000000070f400000| Untracked 
|  89|0x000000070f600000, 0x000000070f600000, 0x000000070f800000|  0%| F|  |TAMS 0x000000070f600000, 0x000000070f600000| Untracked 
|  90|0x000000070f800000, 0x000000070f800000, 0x000000070fa00000|  0%| F|  |TAMS 0x000000070f800000, 0x000000070f800000| Untracked 
|  91|0x000000070fa00000, 0x000000070fa00000, 0x000000070fc00000|  0%| F|  |TAMS 0x000000070fa00000, 0x000000070fa00000| Untracked 
|  92|0x000000070fc00000, 0x000000070fc00000, 0x000000070fe00000|  0%| F|  |TAMS 0x000000070fc00000, 0x000000070fc00000| Untracked 
|  93|0x000000070fe00000, 0x000000070fe00000, 0x0000000710000000|  0%| F|  |TAMS 0x000000070fe00000, 0x000000070fe00000| Untracked 
|  94|0x0000000710000000, 0x0000000710000000, 0x0000000710200000|  0%| F|  |TAMS 0x0000000710000000, 0x0000000710000000| Untracked 
|  95|0x0000000710200000, 0x0000000710200000, 0x0000000710400000|  0%| F|  |TAMS 0x0000000710200000, 0x0000000710200000| Untracked 
|  96|0x0000000710400000, 0x0000000710400000, 0x0000000710600000|  0%| F|  |TAMS 0x0000000710400000, 0x0000000710400000| Untracked 
|  97|0x0000000710600000, 0x0000000710600000, 0x0000000710800000|  0%| F|  |TAMS 0x0000000710600000, 0x0000000710600000| Untracked 
|  98|0x0000000710800000, 0x0000000710800000, 0x0000000710a00000|  0%| F|  |TAMS 0x0000000710800000, 0x0000000710800000| Untracked 
|  99|0x0000000710a00000, 0x0000000710a00000, 0x0000000710c00000|  0%| F|  |TAMS 0x0000000710a00000, 0x0000000710a00000| Untracked 
| 100|0x0000000710c00000, 0x0000000710c00000, 0x0000000710e00000|  0%| F|  |TAMS 0x0000000710c00000, 0x0000000710c00000| Untracked 
| 101|0x0000000710e00000, 0x0000000710e00000, 0x0000000711000000|  0%| F|  |TAMS 0x0000000710e00000, 0x0000000710e00000| Untracked 
| 102|0x0000000711000000, 0x0000000711000000, 0x0000000711200000|  0%| F|  |TAMS 0x0000000711000000, 0x0000000711000000| Untracked 
| 103|0x0000000711200000, 0x0000000711200000, 0x0000000711400000|  0%| F|  |TAMS 0x0000000711200000, 0x0000000711200000| Untracked 
| 104|0x0000000711400000, 0x0000000711400000, 0x0000000711600000|  0%| F|  |TAMS 0x0000000711400000, 0x0000000711400000| Untracked 
| 105|0x0000000711600000, 0x0000000711600000, 0x0000000711800000|  0%| F|  |TAMS 0x0000000711600000, 0x0000000711600000| Untracked 
| 106|0x0000000711800000, 0x0000000711800000, 0x0000000711a00000|  0%| F|  |TAMS 0x0000000711800000, 0x0000000711800000| Untracked 
| 107|0x0000000711a00000, 0x0000000711a00000, 0x0000000711c00000|  0%| F|  |TAMS 0x0000000711a00000, 0x0000000711a00000| Untracked 
| 108|0x0000000711c00000, 0x0000000711c6d428, 0x0000000711e00000| 21%| S|CS|TAMS 0x0000000711c00000, 0x0000000711c00000| Complete 
| 109|0x0000000711e00000, 0x0000000712000000, 0x0000000712000000|100%| S|CS|TAMS 0x0000000711e00000, 0x0000000711e00000| Complete 
| 110|0x0000000712000000, 0x0000000712000000, 0x0000000712200000|  0%| F|  |TAMS 0x0000000712000000, 0x0000000712000000| Untracked 
| 111|0x0000000712200000, 0x0000000712200000, 0x0000000712400000|  0%| F|  |TAMS 0x0000000712200000, 0x0000000712200000| Untracked 
| 112|0x0000000712400000, 0x0000000712400000, 0x0000000712600000|  0%| F|  |TAMS 0x0000000712400000, 0x0000000712400000| Untracked 
| 113|0x0000000712600000, 0x0000000712600000, 0x0000000712800000|  0%| F|  |TAMS 0x0000000712600000, 0x0000000712600000| Untracked 
| 114|0x0000000712800000, 0x0000000712800000, 0x0000000712a00000|  0%| F|  |TAMS 0x0000000712800000, 0x0000000712800000| Untracked 
| 115|0x0000000712a00000, 0x0000000712a00000, 0x0000000712c00000|  0%| F|  |TAMS 0x0000000712a00000, 0x0000000712a00000| Untracked 
| 116|0x0000000712c00000, 0x0000000712c00000, 0x0000000712e00000|  0%| F|  |TAMS 0x0000000712c00000, 0x0000000712c00000| Untracked 
| 117|0x0000000712e00000, 0x0000000712e00000, 0x0000000713000000|  0%| F|  |TAMS 0x0000000712e00000, 0x0000000712e00000| Untracked 
| 118|0x0000000713000000, 0x0000000713000000, 0x0000000713200000|  0%| F|  |TAMS 0x0000000713000000, 0x0000000713000000| Untracked 
| 119|0x0000000713200000, 0x0000000713200000, 0x0000000713400000|  0%| F|  |TAMS 0x0000000713200000, 0x0000000713200000| Untracked 
| 120|0x0000000713400000, 0x0000000713400000, 0x0000000713600000|  0%| F|  |TAMS 0x0000000713400000, 0x0000000713400000| Untracked 
| 121|0x0000000713600000, 0x0000000713600000, 0x0000000713800000|  0%| F|  |TAMS 0x0000000713600000, 0x0000000713600000| Untracked 
| 122|0x0000000713800000, 0x0000000713800000, 0x0000000713a00000|  0%| F|  |TAMS 0x0000000713800000, 0x0000000713800000| Untracked 
| 123|0x0000000713a00000, 0x0000000713a00000, 0x0000000713c00000|  0%| F|  |TAMS 0x0000000713a00000, 0x0000000713a00000| Untracked 
| 124|0x0000000713c00000, 0x0000000713e00000, 0x0000000713e00000|100%| E|  |TAMS 0x0000000713c00000, 0x0000000713c00000| Complete 
| 125|0x0000000713e00000, 0x0000000714000000, 0x0000000714000000|100%| E|CS|TAMS 0x0000000713e00000, 0x0000000713e00000| Complete 

Card table byte_map: [0x0000014a671c0000,0x0000014a679a0000] _byte_map_base: 0x0000014a6399e000

Marking Bits (Prev, Next): (CMBitMap*) 0x0000014a4dbc2640, (CMBitMap*) 0x0000014a4dbc2680
 Prev Bits: [0x0000014a68180000, 0x0000014a6c070000)
 Next Bits: [0x0000014a6c070000, 0x0000014a6ff60000)

Polling page: 0x0000014a4d880000

Metaspace:

Usage:
  Non-class:     14.54 MB used.
      Class:      1.85 MB used.
       Both:     16.39 MB used.

Virtual space:
  Non-class space:       64.00 MB reserved,      14.69 MB ( 23%) committed,  1 nodes.
      Class space:        1.00 GB reserved,       2.00 MB ( <1%) committed,  1 nodes.
             Both:        1.06 GB reserved,      16.69 MB (  2%) committed. 

Chunk freelists:
   Non-Class:  736.00 KB
       Class:  13.97 MB
        Both:  14.69 MB

MaxMetaspaceSize: unlimited
CompressedClassSpaceSize: 1.00 GB
Initial GC threshold: 21.00 MB
Current GC threshold: 21.00 MB
CDS: on
MetaspaceReclaimPolicy: balanced
 - commit_granule_bytes: 65536.
 - commit_granule_words: 8192.
 - virtual_space_node_default_size: 8388608.
 - enlarge_chunks_in_place: 1.
 - new_chunks_are_fully_committed: 0.
 - uncommit_free_chunks: 1.
 - use_allocation_guard: 0.
 - handle_deallocations: 1.


Internal statistics:

num_allocs_failed_limit: 0.
num_arena_births: 230.
num_arena_deaths: 0.
num_vsnodes_births: 2.
num_vsnodes_deaths: 0.
num_space_committed: 267.
num_space_uncommitted: 0.
num_chunks_returned_to_freelist: 0.
num_chunks_taken_from_freelist: 587.
num_chunk_merges: 0.
num_chunk_splits: 316.
num_chunks_enlarged: 173.
num_inconsistent_stats: 0.

CodeHeap 'non-profiled nmethods': size=119168Kb used=878Kb max_used=878Kb free=118289Kb
 bounds [0x0000014a5e5b0000, 0x0000014a5e820000, 0x0000014a65a10000]
CodeHeap 'profiled nmethods': size=119104Kb used=4622Kb max_used=4622Kb free=114481Kb
 bounds [0x0000014a56a10000, 0x0000014a56ea0000, 0x0000014a5de60000]
CodeHeap 'non-nmethods': size=7488Kb used=2899Kb max_used=2937Kb free=4588Kb
 bounds [0x0000014a5de60000, 0x0000014a5e150000, 0x0000014a5e5b0000]
 total_blobs=2740 nmethods=2228 adapters=421
 compilation: enabled
              stopped_count=0, restarted_count=0
 full_count=0

Compilation events (20 events):
Event: 8.532 Thread 0x0000014a735288e0 nmethod 2236 0x0000014a56e90f90 code [0x0000014a56e91160, 0x0000014a56e91558]
Event: 8.532 Thread 0x0000014a73940c10 nmethod 2237 0x0000014a56e91710 code [0x0000014a56e918c0, 0x0000014a56e91c18]
Event: 8.532 Thread 0x0000014a7308ba30 nmethod 2238 0x0000014a56e91d90 code [0x0000014a56e91f40, 0x0000014a56e921d8]
Event: 8.536 Thread 0x0000014a7308ba30 2240       3       java.util.concurrent.ConcurrentMap::computeIfAbsent (51 bytes)
Event: 8.537 Thread 0x0000014a7308ba30 nmethod 2240 0x0000014a56e92290 code [0x0000014a56e92480, 0x0000014a56e92a58]
Event: 8.539 Thread 0x0000014a7308b070 nmethod 2031 0x0000014a5e67d890 code [0x0000014a5e67e7c0, 0x0000014a5e685e00]
Event: 8.544 Thread 0x0000014a7308b070 2205       4       java.util.ArrayList::add (25 bytes)
Event: 8.548 Thread 0x0000014a7308ba30 2241       3       java.util.Calendar::internalSet (8 bytes)
Event: 8.548 Thread 0x0000014a73940c10 2242  s    1       java.lang.StringBuffer::length (5 bytes)
Event: 8.548 Thread 0x0000014a73940c10 nmethod 2242 0x0000014a5e68a190 code [0x0000014a5e68a320, 0x0000014a5e68a498]
Event: 8.548 Thread 0x0000014a7308ba30 nmethod 2241 0x0000014a56e92c10 code [0x0000014a56e92da0, 0x0000014a56e92ed8]
Event: 8.549 Thread 0x0000014a7308b070 nmethod 2205 0x0000014a5e68a510 code [0x0000014a5e68a6c0, 0x0000014a5e68ae88]
Event: 8.549 Thread 0x0000014a7308b070 2208       4       jdk.internal.org.objectweb.asm.MethodWriter::visitEnd (1 bytes)
Event: 8.549 Thread 0x0000014a7308ba30 2243       3       java.util.Collections$UnmodifiableCollection$1::hasNext (10 bytes)
Event: 8.550 Thread 0x0000014a7308b070 nmethod 2208 0x0000014a5e68b110 code [0x0000014a5e68b280, 0x0000014a5e68b2f8]
Event: 8.550 Thread 0x0000014a7308ba30 nmethod 2243 0x0000014a56e92f90 code [0x0000014a56e93140, 0x0000014a56e93328]
Event: 8.550 Thread 0x0000014a7308ba30 2244       1       org.springframework.core.annotation.AnnotationTypeMapping::getDistance (5 bytes)
Event: 8.550 Thread 0x0000014a7308ba30 nmethod 2244 0x0000014a5e68b410 code [0x0000014a5e68b5a0, 0x0000014a5e68b678]
Event: 8.550 Thread 0x0000014a7308ba30 2245       3       java.lang.System$2::getConstantPool (5 bytes)
Event: 8.550 Thread 0x0000014a7308ba30 nmethod 2245 0x0000014a56e93410 code [0x0000014a56e935c0, 0x0000014a56e93708]

GC Heap History (6 events):
Event: 0.429 GC heap before
{Heap before GC invocations=0 (full 0):
 garbage-first heap   total 258048K, used 20480K [0x0000000704400000, 0x0000000800000000)
  region size 2048K, 11 young (22528K), 0 survivors (0K)
 Metaspace       used 3850K, committed 3968K, reserved 1114112K
  class space    used 315K, committed 384K, reserved 1048576K
}
Event: 0.434 GC heap after
{Heap after GC invocations=1 (full 0):
 garbage-first heap   total 258048K, used 12531K [0x0000000704400000, 0x0000000800000000)
  region size 2048K, 2 young (4096K), 2 survivors (4096K)
 Metaspace       used 3850K, committed 3968K, reserved 1114112K
  class space    used 315K, committed 384K, reserved 1048576K
}
Event: 2.813 GC heap before
{Heap before GC invocations=1 (full 0):
 garbage-first heap   total 258048K, used 26867K [0x0000000704400000, 0x0000000800000000)
  region size 2048K, 9 young (18432K), 2 survivors (4096K)
 Metaspace       used 9136K, committed 9280K, reserved 1114112K
  class space    used 882K, committed 960K, reserved 1048576K
}
Event: 2.816 GC heap after
{Heap after GC invocations=2 (full 0):
 garbage-first heap   total 258048K, used 16725K [0x0000000704400000, 0x0000000800000000)
  region size 2048K, 2 young (4096K), 2 survivors (4096K)
 Metaspace       used 9136K, committed 9280K, reserved 1114112K
  class space    used 882K, committed 960K, reserved 1048576K
}
Event: 6.445 GC heap before
{Heap before GC invocations=2 (full 0):
 garbage-first heap   total 258048K, used 45397K [0x0000000704400000, 0x0000000800000000)
  region size 2048K, 16 young (32768K), 2 survivors (4096K)
 Metaspace       used 16110K, committed 16384K, reserved 1114112K
  class space    used 1820K, committed 1984K, reserved 1048576K
}
Event: 6.448 GC heap after
{Heap after GC invocations=3 (full 0):
 garbage-first heap   total 258048K, used 19322K [0x0000000704400000, 0x0000000800000000)
  region size 2048K, 2 young (4096K), 2 survivors (4096K)
 Metaspace       used 16110K, committed 16384K, reserved 1114112K
  class space    used 1820K, committed 1984K, reserved 1048576K
}

Deoptimization events (20 events):
Event: 6.439 Thread 0x0000014a4db50830 Uncommon trap: trap_request=0xffffff45 fr.pc=0x0000014a5e60e270 relative=0x0000000000000890
Event: 6.439 Thread 0x0000014a4db50830 Uncommon trap: reason=unstable_if action=reinterpret pc=0x0000014a5e60e270 method=java.util.zip.ZipCoder.hash(Ljava/lang/String;)I @ 23 c2
Event: 6.439 Thread 0x0000014a4db50830 DEOPT PACKING pc=0x0000014a5e60e270 sp=0x0000000eb0bfc920
Event: 6.439 Thread 0x0000014a4db50830 DEOPT UNPACKING pc=0x0000014a5deb23a3 sp=0x0000000eb0bfc860 mode 2
Event: 6.439 Thread 0x0000014a4db50830 Uncommon trap: trap_request=0xffffff45 fr.pc=0x0000014a5e60b060 relative=0x0000000000000240
Event: 6.439 Thread 0x0000014a4db50830 Uncommon trap: reason=unstable_if action=reinterpret pc=0x0000014a5e60b060 method=java.util.zip.ZipCoder.hash(Ljava/lang/String;)I @ 23 c2
Event: 6.439 Thread 0x0000014a4db50830 DEOPT PACKING pc=0x0000014a5e60b060 sp=0x0000000eb0bfc980
Event: 6.439 Thread 0x0000014a4db50830 DEOPT UNPACKING pc=0x0000014a5deb23a3 sp=0x0000000eb0bfc918 mode 2
Event: 6.439 Thread 0x0000014a4db50830 Uncommon trap: trap_request=0xffffff45 fr.pc=0x0000014a5e615294 relative=0x00000000000011d4
Event: 6.439 Thread 0x0000014a4db50830 Uncommon trap: reason=unstable_if action=reinterpret pc=0x0000014a5e615294 method=java.util.zip.ZipCoder.hash(Ljava/lang/String;)I @ 23 c2
Event: 6.439 Thread 0x0000014a4db50830 DEOPT PACKING pc=0x0000014a5e615294 sp=0x0000000eb0bfc9a0
Event: 6.439 Thread 0x0000014a4db50830 DEOPT UNPACKING pc=0x0000014a5deb23a3 sp=0x0000000eb0bfc888 mode 2
Event: 6.440 Thread 0x0000014a4db50830 Uncommon trap: trap_request=0xffffff45 fr.pc=0x0000014a5e62d008 relative=0x0000000000000428
Event: 6.440 Thread 0x0000014a4db50830 Uncommon trap: reason=unstable_if action=reinterpret pc=0x0000014a5e62d008 method=java.util.StringTokenizer.scanToken(I)I @ 42 c2
Event: 6.440 Thread 0x0000014a4db50830 DEOPT PACKING pc=0x0000014a5e62d008 sp=0x0000000eb0bfc980
Event: 6.440 Thread 0x0000014a4db50830 DEOPT UNPACKING pc=0x0000014a5deb23a3 sp=0x0000000eb0bfc910 mode 2
Event: 6.477 Thread 0x0000014a4db50830 Uncommon trap: trap_request=0xffffff45 fr.pc=0x0000014a5e664114 relative=0x0000000000000bb4
Event: 6.477 Thread 0x0000014a4db50830 Uncommon trap: reason=unstable_if action=reinterpret pc=0x0000014a5e664114 method=jdk.internal.org.objectweb.asm.SymbolTable.put(Ljdk/internal/org/objectweb/asm/SymbolTable$Entry;)Ljdk/internal/org/objectweb/asm/SymbolTable$Entry; @ 13 c2
Event: 6.478 Thread 0x0000014a4db50830 DEOPT PACKING pc=0x0000014a5e664114 sp=0x0000000eb0bfb7b0
Event: 6.478 Thread 0x0000014a4db50830 DEOPT UNPACKING pc=0x0000014a5deb23a3 sp=0x0000000eb0bfb6f0 mode 2

Classes unloaded (0 events):
No events

Classes redefined (1 events):
Event: 0.142 Thread 0x0000014a72ca5010 redefined class name=java.lang.Throwable, count=1

Internal exceptions (20 events):
Event: 6.150 Thread 0x0000014a79b825e0 Exception <a 'java/lang/NoSuchMethodError'{0x00000007132fd7b8}: static [B.<clinit>()V> (0x00000007132fd7b8) 
thrown [s\open\src\hotspot\share\prims\jni.cpp, line 1112]
Event: 6.158 Thread 0x0000014a4db50830 Exception <a 'java/lang/NoSuchMethodError'{0x000000071335f160}: 'void java.lang.invoke.DirectMethodHandle$Holder.invokeInterface(java.lang.Object, java.lang.Object, java.lang.Object, java.lang.Object, java.lang.Object)'> (0x000000071335f160) 
thrown [s\open\src\hotspot\share\interpreter\linkResolver.cpp, line 759]
Event: 6.158 Thread 0x0000014a4db50830 Exception <a 'java/lang/IncompatibleClassChangeError'{0x00000007133630f8}: Found class java.lang.Object, but interface was expected> (0x00000007133630f8) 
thrown [s\open\src\hotspot\share\interpreter\linkResolver.cpp, line 826]
Event: 6.166 Thread 0x0000014a79b84e60 Exception <a 'java/lang/NoSuchMethodError'{0x0000000712c2ea78}: 'java.lang.Object java.lang.invoke.Invokers$Holder.linkToTargetMethod(java.lang.Object, long, java.lang.Object)'> (0x0000000712c2ea78) 
thrown [s\open\src\hotspot\share\interpreter\linkResolver.cpp, line 759]
Event: 6.167 Thread 0x0000014a79b825e0 Exception <a 'java/lang/ClassNotFoundException'{0x0000000712c0acb8}: javax/management/remote/rmi/RMIConnectionImpl_Skel> (0x0000000712c0acb8) 
thrown [s\open\src\hotspot\share\classfile\systemDictionary.cpp, line 256]
Event: 6.176 Thread 0x0000014a4db50830 Exception <a 'java/lang/NoSuchMethodError'{0x00000007133e0100}: 'java.lang.Object java.lang.invoke.DirectMethodHandle$Holder.invokeStatic(java.lang.Object, java.lang.Object, int)'> (0x00000007133e0100) 
thrown [s\open\src\hotspot\share\interpreter\linkResolver.cpp, line 759]
Event: 6.187 Thread 0x0000014a4db50830 Exception <a 'java/lang/NoSuchMethodError'{0x0000000712ce3620}: 'void java.lang.invoke.DirectMethodHandle$Holder.invokeSpecial(java.lang.Object, java.lang.Object, java.lang.Object, java.lang.Object, java.lang.Object)'> (0x0000000712ce3620) 
thrown [s\open\src\hotspot\share\interpreter\linkResolver.cpp, line 759]
Event: 6.191 Thread 0x0000014a4db50830 Exception <a 'java/lang/NoSuchMethodError'{0x0000000712d211a8}: 'void java.lang.invoke.DirectMethodHandle$Holder.invokeInterface(java.lang.Object, java.lang.Object, java.lang.Object, java.lang.Object)'> (0x0000000712d211a8) 
thrown [s\open\src\hotspot\share\interpreter\linkResolver.cpp, line 759]
Event: 6.191 Thread 0x0000014a4db50830 Exception <a 'java/lang/IncompatibleClassChangeError'{0x0000000712d24af0}: Found class java.lang.Object, but interface was expected> (0x0000000712d24af0) 
thrown [s\open\src\hotspot\share\interpreter\linkResolver.cpp, line 826]
Event: 6.192 Thread 0x0000014a4db50830 Exception <a 'java/lang/NoSuchMethodError'{0x0000000712d3ba30}: 'void java.lang.invoke.DirectMethodHandle$Holder.invokeStatic(java.lang.Object, java.lang.Object, java.lang.Object, java.lang.Object)'> (0x0000000712d3ba30) 
thrown [s\open\src\hotspot\share\interpreter\linkResolver.cpp, line 759]
Event: 6.193 Thread 0x0000014a4db50830 Exception <a 'java/lang/NoSuchMethodError'{0x0000000712d4c6e0}: 'java.lang.Object java.lang.invoke.DirectMethodHandle$Holder.newInvokeSpecial(java.lang.Object, java.lang.Object, int)'> (0x0000000712d4c6e0) 
thrown [s\open\src\hotspot\share\interpreter\linkResolver.cpp, line 759]
Event: 6.209 Thread 0x0000014a4db50830 Exception <a 'java/lang/NoSuchMethodError'{0x0000000712a16a28}: 'java.lang.Object java.lang.invoke.Invokers$Holder.invokeExact_MT(java.lang.Object, java.lang.Object, java.lang.Object, java.lang.Object, java.lang.Object, java.lang.Object)'> (0x0000000712a16a28) 
thrown [s\open\src\hotspot\share\interpreter\linkResolver.cpp, line 759]
Event: 6.211 Thread 0x0000014a4db50830 Exception <a 'java/lang/NoSuchMethodError'{0x0000000712a26f60}: 'int java.lang.invoke.DirectMethodHandle$Holder.invokeStatic(java.lang.Object, java.lang.Object, java.lang.Object, java.lang.Object, java.lang.Object)'> (0x0000000712a26f60) 
thrown [s\open\src\hotspot\share\interpreter\linkResolver.cpp, line 759]
Event: 6.215 Thread 0x0000014a4db50830 Exception <a 'java/lang/NoSuchMethodError'{0x0000000712a6ece0}: 'void java.lang.invoke.DirectMethodHandle$Holder.invokeStaticInit(java.lang.Object)'> (0x0000000712a6ece0) 
thrown [s\open\src\hotspot\share\interpreter\linkResolver.cpp, line 759]
Event: 6.227 Thread 0x0000014a4db50830 Exception <a 'java/lang/NoSuchMethodError'{0x0000000712b5f510}: 'int java.lang.invoke.DirectMethodHandle$Holder.invokeStaticInit(java.lang.Object, java.lang.Object)'> (0x0000000712b5f510) 
thrown [s\open\src\hotspot\share\interpreter\linkResolver.cpp, line 759]
Event: 6.276 Thread 0x0000014a4db50830 Exception <a 'java/lang/NoSuchMethodError'{0x00000007129fa790}: 'org.slf4j.impl.StaticMDCBinder org.slf4j.impl.StaticMDCBinder.getSingleton()'> (0x00000007129fa790) 
thrown [s\open\src\hotspot\share\interpreter\linkResolver.cpp, line 759]
Event: 6.287 Thread 0x0000014a4db50830 Exception <a 'java/lang/IncompatibleClassChangeError'{0x0000000712685880}: Found class java.lang.Object, but interface was expected> (0x0000000712685880) 
thrown [s\open\src\hotspot\share\interpreter\linkResolver.cpp, line 826]
Event: 6.297 Thread 0x0000014a4db50830 Exception <a 'java/lang/NoSuchMethodError'{0x000000071273ae38}: 'int java.lang.invoke.DirectMethodHandle$Holder.invokeStaticInit(java.lang.Object, java.lang.Object, java.lang.Object)'> (0x000000071273ae38) 
thrown [s\open\src\hotspot\share\interpreter\linkResolver.cpp, line 759]
Event: 6.306 Thread 0x0000014a4db50830 Implicit null exception at 0x0000014a5e626158 to 0x0000014a5e6261ee
Event: 6.306 Thread 0x0000014a4db50830 Implicit null exception at 0x0000014a5e5ffa0f to 0x0000014a5e5ffa89

VM Operations (20 events):
Event: 3.839 Executing VM operation: Cleanup
Event: 4.929 Executing VM operation: Cleanup done
Event: 4.940 Executing VM operation: HandshakeAllThreads
Event: 4.940 Executing VM operation: HandshakeAllThreads done
Event: 5.034 Executing VM operation: HandshakeAllThreads
Event: 5.034 Executing VM operation: HandshakeAllThreads done
Event: 5.034 Executing VM operation: HandshakeAllThreads
Event: 5.034 Executing VM operation: HandshakeAllThreads done
Event: 6.046 Executing VM operation: Cleanup
Event: 6.123 Executing VM operation: Cleanup done
Event: 6.165 Executing VM operation: HandshakeAllThreads
Event: 6.165 Executing VM operation: HandshakeAllThreads done
Event: 6.423 Executing VM operation: HandshakeAllThreads
Event: 6.423 Executing VM operation: HandshakeAllThreads done
Event: 6.445 Executing VM operation: G1CollectForAllocation
Event: 6.448 Executing VM operation: G1CollectForAllocation done
Event: 7.457 Executing VM operation: Cleanup
Event: 7.503 Executing VM operation: Cleanup done
Event: 9.526 Executing VM operation: Cleanup
Event: 9.526 Executing VM operation: Cleanup done

Events (20 events):
Event: 8.546 loading class org/springframework/beans/factory/support/BeanDefinitionValidationException
Event: 8.546 loading class org/springframework/beans/factory/support/BeanDefinitionValidationException done
Event: 8.546 loading class org/springframework/beans/factory/support/MethodOverrides
Event: 8.546 loading class org/springframework/beans/factory/support/MethodOverrides done
Event: 8.547 loading class java/util/concurrent/CopyOnWriteArraySet
Event: 8.547 loading class java/util/concurrent/CopyOnWriteArraySet done
Event: 8.548 loading class org/springframework/boot/test/context/AnnotatedClassFinder
Event: 8.548 loading class org/springframework/boot/test/context/AnnotatedClassFinder done
Event: 8.548 loading class com/guangyin/userservice/UserServiceApplication
Event: 8.548 loading class com/guangyin/userservice/UserServiceApplication done
Event: 8.550 loading class org/springframework/boot/test/context/SpringBootTestArgs
Event: 8.550 loading class org/springframework/boot/test/context/SpringBootTestArgs done
Event: 8.550 loading class org/springframework/boot/test/context/SpringBootTestWebEnvironment
Event: 8.550 loading class org/springframework/boot/test/context/SpringBootTestWebEnvironment done
Event: 8.550 loading class org/springframework/core/annotation/MergedAnnotation
Event: 8.550 loading class org/springframework/core/annotation/MergedAnnotation done
Event: 8.550 loading class org/springframework/core/annotation/MergedAnnotation
Event: 8.550 loading class org/springframework/core/annotation/MergedAnnotation done
Event: 8.551 loading class org/springframework/boot/context/properties/source/MapConfigurationPropertySource
Event: 8.551 loading class org/springframework/boot/context/properties/source/MapConfigurationPropertySource done


Dynamic libraries:
0x00007ff7e3780000 - 0x00007ff7e3790000 	D:\jdk-17.0.12\bin\java.exe
0x00007ffa28b60000 - 0x00007ffa28dc8000 	C:\WINDOWS\SYSTEM32\ntdll.dll
0x00007ffa28620000 - 0x00007ffa286e9000 	C:\WINDOWS\System32\KERNEL32.DLL
0x00007ffa26000000 - 0x00007ffa263ed000 	C:\WINDOWS\System32\KERNELBASE.dll
0x00007ffa25df0000 - 0x00007ffa25f3b000 	C:\WINDOWS\System32\ucrtbase.dll
0x00007ffa0e170000 - 0x00007ffa0e189000 	D:\jdk-17.0.12\bin\jli.dll
0x00007ffa06260000 - 0x00007ffa0627b000 	D:\jdk-17.0.12\bin\VCRUNTIME140.dll
0x00007ffa26f90000 - 0x00007ffa27044000 	C:\WINDOWS\System32\ADVAPI32.dll
0x00007ffa27aa0000 - 0x00007ffa27b49000 	C:\WINDOWS\System32\msvcrt.dll
0x00007ffa26aa0000 - 0x00007ffa26b46000 	C:\WINDOWS\System32\sechost.dll
0x00007ffa26900000 - 0x00007ffa26a18000 	C:\WINDOWS\System32\RPCRT4.dll
0x00007ffa278c0000 - 0x00007ffa27a8c000 	C:\WINDOWS\System32\USER32.dll
0x00007ffa25f40000 - 0x00007ffa25f67000 	C:\WINDOWS\System32\win32u.dll
0x00007ffa26bd0000 - 0x00007ffa26bfb000 	C:\WINDOWS\System32\GDI32.dll
0x00007ffa04940000 - 0x00007ffa04bda000 	C:\WINDOWS\WinSxS\amd64_microsoft.windows.common-controls_6595b64144ccf1df_6.0.26100.4441_none_3e0ab07ce3324174\COMCTL32.dll
0x00007ffa25cb0000 - 0x00007ffa25de7000 	C:\WINDOWS\System32\gdi32full.dll
0x00007ffa26850000 - 0x00007ffa268f3000 	C:\WINDOWS\System32\msvcp_win.dll
0x00007ffa100f0000 - 0x00007ffa100fb000 	C:\WINDOWS\SYSTEM32\VERSION.dll
0x00007ffa27cc0000 - 0x00007ffa27cef000 	C:\WINDOWS\System32\IMM32.DLL
0x00007ffa0d600000 - 0x00007ffa0d60c000 	D:\jdk-17.0.12\bin\vcruntime140_1.dll
0x00007ff9f0c70000 - 0x00007ff9f0cfe000 	D:\jdk-17.0.12\bin\msvcp140.dll
0x00007ff9b56d0000 - 0x00007ff9b62b0000 	D:\jdk-17.0.12\bin\server\jvm.dll
0x00007ffa27a90000 - 0x00007ffa27a98000 	C:\WINDOWS\System32\PSAPI.DLL
0x00007ffa0e6a0000 - 0x00007ffa0e6aa000 	C:\WINDOWS\SYSTEM32\WSOCK32.dll
0x00007ffa1a260000 - 0x00007ffa1a295000 	C:\WINDOWS\SYSTEM32\WINMM.dll
0x00007ffa26b50000 - 0x00007ffa26bc4000 	C:\WINDOWS\System32\WS2_32.dll
0x00007ffa24a20000 - 0x00007ffa24a3b000 	C:\WINDOWS\SYSTEM32\kernel.appcore.dll
0x00007ffa067e0000 - 0x00007ffa067ea000 	D:\jdk-17.0.12\bin\jimage.dll
0x00007ffa22c10000 - 0x00007ffa22e51000 	C:\WINDOWS\SYSTEM32\DBGHELP.DLL
0x00007ffa28290000 - 0x00007ffa28616000 	C:\WINDOWS\System32\combase.dll
0x00007ffa28920000 - 0x00007ffa28a00000 	C:\WINDOWS\System32\OLEAUT32.dll
0x00007ffa048f0000 - 0x00007ffa04933000 	C:\WINDOWS\SYSTEM32\dbgcore.DLL
0x00007ffa263f0000 - 0x00007ffa26489000 	C:\WINDOWS\System32\bcryptPrimitives.dll
0x00007ffa21b40000 - 0x00007ffa21b4e000 	D:\jdk-17.0.12\bin\instrument.dll
0x00007ff9f4210000 - 0x00007ff9f4235000 	D:\jdk-17.0.12\bin\java.dll
0x00007ff9f5cd0000 - 0x00007ff9f5ce8000 	D:\jdk-17.0.12\bin\zip.dll
0x00007ff9ef690000 - 0x00007ff9ef767000 	D:\jdk-17.0.12\bin\jsvml.dll
0x00007ffa27170000 - 0x00007ffa278bb000 	C:\WINDOWS\System32\SHELL32.dll
0x00007ffa26490000 - 0x00007ffa26604000 	C:\WINDOWS\System32\wintypes.dll
0x00007ffa238a0000 - 0x00007ffa240fe000 	C:\WINDOWS\SYSTEM32\windows.storage.dll
0x00007ffa27070000 - 0x00007ffa27164000 	C:\WINDOWS\System32\SHCORE.dll
0x00007ffa28a10000 - 0x00007ffa28a7a000 	C:\WINDOWS\System32\shlwapi.dll
0x00007ffa25bc0000 - 0x00007ffa25bef000 	C:\WINDOWS\SYSTEM32\profapi.dll
0x00007ffa00d00000 - 0x00007ffa00d19000 	D:\jdk-17.0.12\bin\net.dll
0x00007ffa15240000 - 0x00007ffa1535e000 	C:\WINDOWS\SYSTEM32\WINHTTP.dll
0x00007ffa24f80000 - 0x00007ffa24fea000 	C:\WINDOWS\system32\mswsock.dll
0x00007ff9fb030000 - 0x00007ff9fb046000 	D:\jdk-17.0.12\bin\nio.dll
0x00007ffa24510000 - 0x00007ffa24636000 	C:\WINDOWS\SYSTEM32\DNSAPI.dll
0x00007ffa244d0000 - 0x00007ffa24503000 	C:\WINDOWS\SYSTEM32\IPHLPAPI.DLL
0x00007ffa287a0000 - 0x00007ffa287aa000 	C:\WINDOWS\System32\NSI.dll
0x00007ffa19a40000 - 0x00007ffa19a4b000 	C:\Windows\System32\rasadhlp.dll
0x00007ffa158e0000 - 0x00007ffa15966000 	C:\WINDOWS\System32\fwpuclnt.dll
0x00007ffa150f0000 - 0x00007ffa150fa000 	D:\jdk-17.0.12\bin\management.dll
0x00007ffa150e0000 - 0x00007ffa150eb000 	D:\jdk-17.0.12\bin\management_ext.dll
0x00007ff9f38d0000 - 0x00007ff9f38e0000 	D:\jdk-17.0.12\bin\verify.dll
0x00007ffa25360000 - 0x00007ffa2537b000 	C:\WINDOWS\SYSTEM32\CRYPTSP.dll
0x00007ffa24980000 - 0x00007ffa249ba000 	C:\WINDOWS\system32\rsaenh.dll
0x00007ffa25020000 - 0x00007ffa2504b000 	C:\WINDOWS\SYSTEM32\USERENV.dll
0x00007ffa25b90000 - 0x00007ffa25bb6000 	C:\WINDOWS\SYSTEM32\bcrypt.dll
0x00007ffa25340000 - 0x00007ffa2534c000 	C:\WINDOWS\SYSTEM32\CRYPTBASE.dll
0x00007ffa15690000 - 0x00007ffa156af000 	C:\WINDOWS\SYSTEM32\dhcpcsvc6.DLL
0x00007ffa15510000 - 0x00007ffa15535000 	C:\WINDOWS\SYSTEM32\dhcpcsvc.DLL
0x00007ff9fd5a0000 - 0x00007ff9fd5b8000 	C:\WINDOWS\system32\napinsp.dll
0x00007ff9fa210000 - 0x00007ff9fa222000 	C:\WINDOWS\System32\winrnr.dll
0x00007ff9f9180000 - 0x00007ff9f91b0000 	C:\WINDOWS\system32\nlansp_c.dll
0x00007ffa12c30000 - 0x00007ffa12c50000 	C:\WINDOWS\system32\wshbth.dll
0x00007ffa06a40000 - 0x00007ffa06a8e000 	C:\WINDOWS\SYSTEM32\pdh.dll

dbghelp: loaded successfully - version: 4.0.5 - missing functions: none
symbol engine: initialized successfully - sym options: 0x614 - pdb path: .;D:\jdk-17.0.12\bin;C:\WINDOWS\SYSTEM32;C:\WINDOWS\WinSxS\amd64_microsoft.windows.common-controls_6595b64144ccf1df_6.0.26100.4441_none_3e0ab07ce3324174;D:\jdk-17.0.12\bin\server

VM Arguments:
jvm_args: -javaagent:C:\Users\zjz\AppData\Local\JetBrains\IntelliJIdea2025.1\captureAgent\debugger-agent.jar=file:///C:/Users/zjz/AppData/Local/Temp/capture5797944343890343065.props -ea -Didea.test.cyclic.buffer.size=1048576 -javaagent:D:\IntelliJ IDEA 2025.1\lib\idea_rt.jar=12331 -Dkotlinx.coroutines.debug.enable.creation.stack.trace=false -Ddebugger.agent.enable.coroutines=true -Dkotlinx.coroutines.debug.enable.flows.stack.trace=true -Dkotlinx.coroutines.debug.enable.mutable.state.flows.stack.trace=true -Dfile.encoding=UTF-8 
java_command: com.intellij.rt.junit.JUnitStarter -ideVersion5 -junit5 com.guangyin.userservice.mapper.UserMapperTest,testInsertUserSuccess
java_class_path (initial): C:\Users\zjz\.m2\repository\org\junit\platform\junit-platform-launcher\1.8.2\junit-platform-launcher-1.8.2.jar;C:\Users\zjz\.m2\repository\org\junit\platform\junit-platform-engine\1.8.2\junit-platform-engine-1.8.2.jar;C:\Users\zjz\.m2\repository\org\opentest4j\opentest4j\1.2.0\opentest4j-1.2.0.jar;C:\Users\zjz\.m2\repository\org\junit\platform\junit-platform-commons\1.8.2\junit-platform-commons-1.8.2.jar;C:\Users\zjz\.m2\repository\org\apiguardian\apiguardian-api\1.1.2\apiguardian-api-1.1.2.jar;C:\Users\zjz\.m2\repository\org\junit\vintage\junit-vintage-engine\5.8.2\junit-vintage-engine-5.8.2.jar;D:\IntelliJ IDEA 2025.1\lib\idea_rt.jar;D:\IntelliJ IDEA 2025.1\plugins\junit\lib\junit5-rt.jar;D:\IntelliJ IDEA 2025.1\plugins\junit\lib\junit-rt.jar;C:\Users\zjz\Desktop\microservice-parent\user-service\target\test-classes;C:\Users\zjz\Desktop\microservice-parent\user-service\target\classes;D:\apache-maven-3.9.9\repository\org\springframework\boot\spring-boot-starter\2.7.3\spring-boot-starter-2.7.3.jar;D:\apache-maven-3.9.9\repository\org\springframework\boot\spring-boot\2.7.3\spring-boot-2.7.3.jar;D:\apache-maven-3.9.9\repository\org\springframework\spring-context\5.3.22\spring-context-5.3.22.jar;D:\apache-maven-3.9.9\repository\org\springframework\boot\spring-boot-autoconfigure\2.7.3\spring-boot-autoconfigure-2.7.3.jar;D:\apache-maven-3.9.9\repository\org\springframework\boot\spring-boot-starter-logging\2.7.3\spring-boot-starter-logging-2.7.3.jar;D:\apache-maven-3.9.9\repository\ch\qos\logback\logback-classic\1.2.11\logback-classic-1.2.11.jar;D:\apache-maven-3.9.9\repository\ch\qos\logback\logback-core\1.2.11\logback-core-1.2.11.jar;D:\apache-maven-3.9.9\repository\org\apache\logging\log4j\log4j-to-slf4j\2.17.2\log4j-to-slf4j-2.17.2.jar;D:\apache-maven-3.9.9\repository\org\apache\logging\log4j\log4j-api\2.17.2\log4j-api-2.17.2.jar;D:\apache-maven-3.9.9\repository\jakarta\annotation\jakarta.annotation-api\1.3.5\jakarta.annotation-api-1.3.5.ja
Launcher Type: SUN_STANDARD

[Global flags]
     intx CICompilerCount                          = 12                                        {product} {ergonomic}
     uint ConcGCThreads                            = 3                                         {product} {ergonomic}
     uint G1ConcRefinementThreads                  = 13                                        {product} {ergonomic}
   size_t G1HeapRegionSize                         = 2097152                                   {product} {ergonomic}
    uintx GCDrainStackTargetSize                   = 64                                        {product} {ergonomic}
   size_t InitialHeapSize                          = 264241152                                 {product} {ergonomic}
   size_t MarkStackSize                            = 4194304                                   {product} {ergonomic}
   size_t MaxHeapSize                              = 4223664128                                {product} {ergonomic}
   size_t MaxNewSize                               = 2533359616                                {product} {ergonomic}
   size_t MinHeapDeltaBytes                        = 2097152                                   {product} {ergonomic}
   size_t MinHeapSize                              = 8388608                                   {product} {ergonomic}
    uintx NonNMethodCodeHeapSize                   = 7602480                                {pd product} {ergonomic}
    uintx NonProfiledCodeHeapSize                  = 122027880                              {pd product} {ergonomic}
    uintx ProfiledCodeHeapSize                     = 122027880                              {pd product} {ergonomic}
    uintx ReservedCodeCacheSize                    = 251658240                              {pd product} {ergonomic}
     bool SegmentedCodeCache                       = true                                      {product} {ergonomic}
   size_t SoftMaxHeapSize                          = 4223664128                             {manageable} {ergonomic}
     bool UseCompressedClassPointers               = true                           {product lp64_product} {ergonomic}
     bool UseCompressedOops                        = true                           {product lp64_product} {ergonomic}
     bool UseG1GC                                  = true                                      {product} {ergonomic}
     bool UseLargePagesIndividualAllocation        = false                                  {pd product} {ergonomic}

Logging:
Log output configuration:
 #0: stdout all=warning uptime,level,tags
 #1: stderr all=off uptime,level,tags

Environment Variables:
JAVA_HOME=D:\jdk-17.0.12
PATH=C:\WINDOWS\system32;C:\WINDOWS;C:\WINDOWS\System32\Wbem;C:\WINDOWS\System32\WindowsPowerShell\v1.0\;C:\WINDOWS\System32\OpenSSH\;C:\Program Files\Microsoft SQL Server\150\Tools\Binn\;C:\ProgramData\chocolatey\bin;D:\nodejs\;C:\Program Files\dotnet\;D:\jdk-17.0.12\bin;C:\Users\zjz\scoop\shims;C:\Users\zjz\AppData\Local\Programs\Python\Python311\Scripts\;C:\Users\zjz\AppData\Local\Programs\Python\Python311\;D:\python\Scripts\;C:\Users\zjz\AppData\Local\Microsoft\WindowsApps;D:\cpolar\;C:\Program Files\MySQL\MySQL Server 8.0\bin;D:\GnuWin32-make\bin;D:\PortableGit\bin;C:\Users\zjz\AppData\Roaming\npm;D:\micro-2.0.13;C:\Users\zjz\.dotnet\tools;D:\clangd_18.1.3\bin;D:\clangd_18.1.3\clangd_index_tools\bin;D:\gradle-8.10\bin;D:\apache-maven-3.9.9\bin;D:\sqlite;D:\mingw64\bin;D:\aria2-1.37.0-win-64bit-build1;C:\WINDOWS\system32;C:\WINDOWS;C:\WINDOWS\System32\Wbem;C:\WINDOWS\System32\WindowsPowerShell\v1.0\;C:\WINDOWS\System32\OpenSSH\;C:\Program Files (x86)\Windows Kits\10\Windows Performance Toolkit\;C:\Program Files\Pandoc\;D:\pict\;D:\VMware\bin\;C:\WINDOWS\system32;C:\WINDOWS;C:\WINDOWS\System32\Wbem;C:\WINDOWS\System32\WindowsPowerShell\v1.0\;C:\WINDOWS\System32\OpenSSH\;C:\Program Files\Microsoft SQL Server\150\Tools\Binn\;C:\ProgramData\chocolatey\bin;D:\nodejs\;C:\Program Files\dotnet\;D:\jdk-17.0.12\bin;C:\Users\zjz\scoop\shims;C:\Users\zjz\AppData\Local\Programs\Python\Python311\Scripts\;C:\Users\zjz\AppData\Local\Programs\Python\Python311\;D:\python\Scripts\;C:\Users\zjz\AppData\Local\Microsoft\WindowsApps;C:\Program Files\MySQL\MySQL Server 8.0\bin;D:\GnuWin32-make\bin;D:\PortableGit\bin;C:\Users\zjz\AppData\Roaming\npm;D:\micro-2.0.13;C:\Users\zjz\.dotnet\tools;D:\clangd_18.1.3\bin;D:\clangd_18.1.3\clangd_index_tools\bin;D:\gradle-8.10\bin;D:\apache-maven-3.9.9\bin;D:\sqlite;D:\mingw64\bin;D:\aria2-1.37.0-win-64bit-build1;C:\Program Files (;D:\vcpkg;C:\Users\zjz\AppData\Local\Programs\Microsoft VS Code\bin;C:\Program Files (x86)\WinSCP;C:\Users\zjz\AppData\Lo
USERNAME=zjz
OS=Windows_NT
PROCESSOR_IDENTIFIER=Intel64 Family 6 Model 154 Stepping 3, GenuineIntel



---------------  S Y S T E M  ---------------

OS:
 Windows 11 , 64 bit Build 26100 (10.0.26100.4441)
OS uptime: 3 days 17:51 hours
Hyper-V role detected

CPU: total 16 (initial active 16) (8 cores per cpu, 2 threads per core) family 6 model 154 stepping 3 microcode 0x437, cx8, cmov, fxsr, ht, mmx, 3dnowpref, sse, sse2, sse3, ssse3, sse4.1, sse4.2, popcnt, lzcnt, tsc, tscinvbit, avx, avx2, aes, erms, clmul, bmi1, bmi2, adx, sha, fma, vzeroupper, clflush, clflushopt, clwb, hv

Memory: 4k page, system-wide physical 16108M (4786M free)
TotalPageFile size 43592M (AvailPageFile size 2M)
current process WorkingSet (physical memory assigned to process): 177M, peak: 177M
current process commit charge ("private bytes"): 435M, peak: 437M

vm_info: Java HotSpot(TM) 64-Bit Server VM (17.0.12+8-LTS-286) for windows-amd64 JRE (17.0.12+8-LTS-286), built on Jun  5 2024 06:46:59 by "mach5one" with MS VC++ 17.6 (VS2022)

END.
